#
# There is insufficient memory for the Java Runtime Environment to continue.
# Native memory allocation (mmap) failed to map 335544320 bytes for G1 virtual space
# Possible reasons:
#   The system is out of physical RAM or swap space
#   The process is running with CompressedOops enabled, and the Java Heap may be blocking the growth of the native heap
# Possible solutions:
#   Reduce memory load on the system
#   Increase physical memory or swap space
#   Check if swap backing store is full
#   Decrease Java heap size (-Xmx/-Xms)
#   Decrease number of Java threads
#   Decrease Java thread stack sizes (-Xss)
#   Set larger code cache with -XX:ReservedCodeCacheSize=
#   JVM is running with Zero Based Compressed Oops mode in which the Java heap is
#     placed in the first 32GB address space. The Java Heap base address is the
#     maximum limit for the native heap growth. Please use -XX:HeapBaseMinAddress
#     to set the Java Heap base and to place the Java Heap above 32GB virtual address.
# This output file may be truncated or incomplete.
#
#  Out of Memory Error (os_windows.cpp:3532), pid=37328, tid=33672
#
# JRE version:  (17.0.2+8) (build )
# Java VM: Java HotSpot(TM) 64-Bit Server VM (17.0.2+8-LTS-86, mixed mode, sharing, tiered, compressed oops, compressed class ptrs, g1 gc, windows-amd64)
# No core dump will be written. Minidumps are not enabled by default on client versions of Windows
#

---------------  S U M M A R Y ------------

Command Line: -Dmaven.multiModuleProjectDirectory=C:\Users\note-novo\Downloads\trabalho_suficiencia\trabalho_suficiencia -Djansi.passthrough=true -Dmaven.home=C:\Users\note-novo\AppData\Local\JetBrains\Toolbox\apps\IDEA-C\ch-0\223.8617.56\plugins\maven\lib\maven3 -Dclassworlds.conf=C:\Users\note-novo\AppData\Local\JetBrains\Toolbox\apps\IDEA-C\ch-0\223.8617.56\plugins\maven\lib\maven3\bin\m2.conf -Dmaven.ext.class.path=C:\Users\note-novo\AppData\Local\JetBrains\Toolbox\apps\IDEA-C\ch-0\223.8617.56\plugins\maven\lib\maven-event-listener.jar -javaagent:C:\Users\note-novo\AppData\Local\JetBrains\Toolbox\apps\IDEA-C\ch-0\223.8617.56\lib\idea_rt.jar=55358:C:\Users\note-novo\AppData\Local\JetBrains\Toolbox\apps\IDEA-C\ch-0\223.8617.56\bin -Dfile.encoding=UTF-8 org.codehaus.classworlds.Launcher -Didea.version=2022.3.2 validate

Host: 11th Gen Intel(R) Core(TM) i5-1135G7 @ 2.40GHz, 8 cores, 19G,  Windows 10 , 64 bit Build 19041 (10.0.19041.2546)
Time: Fri Feb 24 10:05:58 2023 Hora oficial do Brasil elapsed time: 0.023243 seconds (0d 0h 0m 0s)

---------------  T H R E A D  ---------------

Current thread (0x000002314d57e320):  JavaThread "Unknown thread" [_thread_in_vm, id=33672, stack(0x0000004e52000000,0x0000004e52100000)]

Stack: [0x0000004e52000000,0x0000004e52100000]
Native frames: (J=compiled Java code, j=interpreted, Vv=VM code, C=native code)
V  [jvm.dll+0x670baa]
V  [jvm.dll+0x7cfcb4]
V  [jvm.dll+0x7d145e]
V  [jvm.dll+0x7d1ac3]
V  [jvm.dll+0x242bc5]
V  [jvm.dll+0x66dac9]
V  [jvm.dll+0x662412]
V  [jvm.dll+0x300c0b]
V  [jvm.dll+0x3081a6]
V  [jvm.dll+0x357d0e]
V  [jvm.dll+0x357f3f]
V  [jvm.dll+0x2d7ec8]
V  [jvm.dll+0x2d8e34]
V  [jvm.dll+0x7a18c1]
V  [jvm.dll+0x365a91]
V  [jvm.dll+0x780d2c]
V  [jvm.dll+0x3e845f]
V  [jvm.dll+0x3e9f01]
C  [jli.dll+0x527b]
C  [ucrtbase.dll+0x21bb2]
C  [KERNEL32.DLL+0x17614]
C  [ntdll.dll+0x526a1]


---------------  P R O C E S S  ---------------

Threads class SMR info:
_java_thread_list=0x00007ff9abd29858, length=0, elements={
}

Java Threads: ( => current thread )

Other Threads:
  0x000002314d5d1f20 GCTaskThread "GC Thread#0" [stack: 0x0000004e52100000,0x0000004e52200000] [id=36676]
  0x000002314d5dcce0 ConcurrentGCThread "G1 Main Marker" [stack: 0x0000004e52200000,0x0000004e52300000] [id=1932]
  0x000002314d5de700 ConcurrentGCThread "G1 Conc#0" [stack: 0x0000004e52300000,0x0000004e52400000] [id=19496]

[error occurred during error reporting (printing all threads), id 0xc0000005, EXCEPTION_ACCESS_VIOLATION (0xc0000005) at pc=0x00007ff9ab5788a7]

VM state: not at safepoint (not fully initialized)

VM Mutex/Monitor currently owned by a thread:  ([mutex/lock_event])
[0x000002314d578720] Heap_lock - owner thread: 0x000002314d57e320

Heap address: 0x00000006c3000000, size: 5072 MB, Compressed Oops mode: Zero based, Oop shift amount: 3

CDS archive(s) mapped at: [0x0000000000000000-0x0000000000000000-0x0000000000000000), size 0, SharedBaseAddress: 0x0000000800000000, ArchiveRelocationMode: 0.
Narrow klass base: 0x0000000000000000, Narrow klass shift: 0, Narrow klass range: 0x0

GC Precious Log:
<Empty>

Heap:
 garbage-first heap   total 0K, used 0K [0x00000006c3000000, 0x0000000800000000)
  region size 4096K, 0 young (0K), 0 survivors (0K)

[error occurred during error reporting (printing heap information), id 0xc0000005, EXCEPTION_ACCESS_VIOLATION (0xc0000005) at pc=0x00007ff9ab959f19]

GC Heap History (0 events):
No events

Deoptimization events (0 events):
No events

Classes unloaded (0 events):
No events

Classes redefined (0 events):
No events

Internal exceptions (0 events):
No events

VM Operations (0 events):
No events

Events (1 events):
Event: 0.017 Loaded shared library C:\Program Files\Java\jdk-17.0.2\bin\java.dll


Dynamic libraries:
0x00007ff740290000 - 0x00007ff7402a0000 	C:\Program Files\Java\jdk-17.0.2\bin\java.exe
0x00007ff9ecdf0000 - 0x00007ff9ecfe8000 	C:\Windows\SYSTEM32\ntdll.dll
0x00007ff9ebdb0000 - 0x00007ff9ebe6f000 	C:\Windows\System32\KERNEL32.DLL
0x00007ff9ea510000 - 0x00007ff9ea7e2000 	C:\Windows\System32\KERNELBASE.dll
0x00007ff9eac20000 - 0x00007ff9ead20000 	C:\Windows\System32\ucrtbase.dll
0x00007ff9e0d70000 - 0x00007ff9e0d88000 	C:\Program Files\Java\jdk-17.0.2\bin\jli.dll
0x00007ff9e0d50000 - 0x00007ff9e0d6a000 	C:\Program Files\Java\jdk-17.0.2\bin\VCRUNTIME140.dll
0x00007ff9ec070000 - 0x00007ff9ec11e000 	C:\Windows\System32\ADVAPI32.dll
0x00007ff9ec1d0000 - 0x00007ff9ec26e000 	C:\Windows\System32\msvcrt.dll
0x00007ff9ebfd0000 - 0x00007ff9ec06c000 	C:\Windows\System32\sechost.dll
0x00007ff9eb410000 - 0x00007ff9eb535000 	C:\Windows\System32\RPCRT4.dll
0x00007ff9eb660000 - 0x00007ff9eb801000 	C:\Windows\System32\USER32.dll
0x00007ff9ead20000 - 0x00007ff9ead42000 	C:\Windows\System32\win32u.dll
0x00007ff9dbed0000 - 0x00007ff9dc16a000 	C:\Windows\WinSxS\amd64_microsoft.windows.common-controls_6595b64144ccf1df_6.0.19041.1110_none_60b5254171f9507e\COMCTL32.dll
0x00007ff9eaea0000 - 0x00007ff9eaecb000 	C:\Windows\System32\GDI32.dll
0x00007ff9eab10000 - 0x00007ff9eac1f000 	C:\Windows\System32\gdi32full.dll
0x00007ff9eaa70000 - 0x00007ff9eab0d000 	C:\Windows\System32\msvcp_win.dll
0x00007ff9e1180000 - 0x00007ff9e118a000 	C:\Windows\SYSTEM32\VERSION.dll
0x00007ff9ec3b0000 - 0x00007ff9ec3e2000 	C:\Windows\System32\IMM32.DLL
0x00007ff9e07b0000 - 0x00007ff9e07bc000 	C:\Program Files\Java\jdk-17.0.2\bin\vcruntime140_1.dll
0x00007ff9d3b30000 - 0x00007ff9d3bbd000 	C:\Program Files\Java\jdk-17.0.2\bin\msvcp140.dll
0x00007ff9ab290000 - 0x00007ff9abe51000 	C:\Program Files\Java\jdk-17.0.2\bin\server\jvm.dll
0x00007ff9ec270000 - 0x00007ff9ec278000 	C:\Windows\System32\PSAPI.DLL
0x00007ff9d5470000 - 0x00007ff9d5497000 	C:\Windows\SYSTEM32\WINMM.dll
0x00007ff9d9b10000 - 0x00007ff9d9b19000 	C:\Windows\SYSTEM32\WSOCK32.dll
0x00007ff9ebd40000 - 0x00007ff9ebdab000 	C:\Windows\System32\WS2_32.dll
0x00007ff9e8d30000 - 0x00007ff9e8d42000 	C:\Windows\SYSTEM32\kernel.appcore.dll
0x00007ff9e0780000 - 0x00007ff9e078a000 	C:\Program Files\Java\jdk-17.0.2\bin\jimage.dll
0x00007ff9e8100000 - 0x00007ff9e82e4000 	C:\Windows\SYSTEM32\DBGHELP.DLL
0x00007ff9dfc30000 - 0x00007ff9dfc65000 	C:\Windows\SYSTEM32\dbgcore.DLL
0x00007ff9ead50000 - 0x00007ff9eadd2000 	C:\Windows\System32\bcryptPrimitives.dll
0x00007ff9dc880000 - 0x00007ff9dc88e000 	C:\Program Files\Java\jdk-17.0.2\bin\instrument.dll
0x00007ff9dc920000 - 0x00007ff9dc945000 	C:\Program Files\Java\jdk-17.0.2\bin\java.dll

dbghelp: loaded successfully - version: 4.0.5 - missing functions: none
symbol engine: initialized successfully - sym options: 0x614 - pdb path: .;C:\Program Files\Java\jdk-17.0.2\bin;C:\Windows\SYSTEM32;C:\Windows\WinSxS\amd64_microsoft.windows.common-controls_6595b64144ccf1df_6.0.19041.1110_none_60b5254171f9507e;C:\Program Files\Java\jdk-17.0.2\bin\server

VM Arguments:
jvm_args: -Dmaven.multiModuleProjectDirectory=C:\Users\note-novo\Downloads\trabalho_suficiencia\trabalho_suficiencia -Djansi.passthrough=true -Dmaven.home=C:\Users\note-novo\AppData\Local\JetBrains\Toolbox\apps\IDEA-C\ch-0\223.8617.56\plugins\maven\lib\maven3 -Dclassworlds.conf=C:\Users\note-novo\AppData\Local\JetBrains\Toolbox\apps\IDEA-C\ch-0\223.8617.56\plugins\maven\lib\maven3\bin\m2.conf -Dmaven.ext.class.path=C:\Users\note-novo\AppData\Local\JetBrains\Toolbox\apps\IDEA-C\ch-0\223.8617.56\plugins\maven\lib\maven-event-listener.jar -javaagent:C:\Users\note-novo\AppData\Local\JetBrains\Toolbox\apps\IDEA-C\ch-0\223.8617.56\lib\idea_rt.jar=55358:C:\Users\note-novo\AppData\Local\JetBrains\Toolbox\apps\IDEA-C\ch-0\223.8617.56\bin -Dfile.encoding=UTF-8 
java_command: org.codehaus.classworlds.Launcher -Didea.version=2022.3.2 validate
java_class_path (initial): C:\Users\note-novo\AppData\Local\JetBrains\Toolbox\apps\IDEA-C\ch-0\223.8617.56\plugins\maven\lib\maven3\boot\plexus-classworlds-2.6.0.jar;C:\Users\note-novo\AppData\Local\JetBrains\Toolbox\apps\IDEA-C\ch-0\223.8617.56\plugins\maven\lib\maven3\boot\plexus-classworlds.license
Launcher Type: SUN_STANDARD

[Global flags]
     intx CICompilerCount                          = 4                                         {product} {ergonomic}
     uint ConcGCThreads                            = 2                                         {product} {ergonomic}
     uint G1ConcRefinementThreads                  = 8                                         {product} {ergonomic}
   size_t G1HeapRegionSize                         = 4194304                                   {product} {ergonomic}
    uintx GCDrainStackTargetSize                   = 64                                        {product} {ergonomic}
   size_t InitialHeapSize                          = 335544320                                 {product} {ergonomic}
   size_t MarkStackSize                            = 4194304                                   {product} {ergonomic}
   size_t MaxHeapSize                              = 5318377472                                {product} {ergonomic}
   size_t MinHeapDeltaBytes                        = 4194304                                   {product} {ergonomic}
   size_t MinHeapSize                              = 8388608                                   {product} {ergonomic}
    uintx NonNMethodCodeHeapSize                   = 5839372                                {pd product} {ergonomic}
    uintx NonProfiledCodeHeapSize                  = 122909434                              {pd product} {ergonomic}
    uintx ProfiledCodeHeapSize                     = 122909434                              {pd product} {ergonomic}
    uintx ReservedCodeCacheSize                    = 251658240                              {pd product} {ergonomic}
     bool SegmentedCodeCache                       = true                                      {product} {ergonomic}
   size_t SoftMaxHeapSize                          = 5318377472                             {manageable} {ergonomic}
     bool UseCompressedClassPointers               = true                           {product lp64_product} {ergonomic}
     bool UseCompressedOops                        = true                           {product lp64_product} {ergonomic}
     bool UseG1GC                                  = true                                      {product} {ergonomic}
     bool UseLargePagesIndividualAllocation        = false                                  {pd product} {ergonomic}

Logging:
Log output configuration:
 #0: stdout all=warning uptime,level,tags
 #1: stderr all=off uptime,level,tags

Environment Variables:
PATH=C:\Windows\system32;C:\Windows;C:\Windows\System32\Wbem;C:\Windows\System32\WindowsPowerShell\v1.0\;C:\Windows\System32\OpenSSH\;C:\Program Files\Git\cmd;C:\Java\jdk-14.0.2\bin;C:\Program Files\dotnet\;C:\Program Files\nodejs\;C:\Maven\bin;C:\Users\note-novo\AppData\Local\Microsoft\WindowsApps;C:\Users\note-novo\AppData\Local\Programs\Microsoft VS Code\bin;C:\Users\note-novo\AppData\Roaming\npm;C:\Users\note-novo\.dotnet\tools;C:\Users\note-novo\AppData\Local\JetBrains\Toolbox\scripts
USERNAME=note-novo
OS=Windows_NT
PROCESSOR_IDENTIFIER=Intel64 Family 6 Model 140 Stepping 1, GenuineIntel



---------------  S Y S T E M  ---------------

OS:
 Windows 10 , 64 bit Build 19041 (10.0.19041.2546)
OS uptime: 7 days 23:42 hours

CPU: total 8 (initial active 8) (4 cores per cpu, 2 threads per core) family 6 model 140 stepping 1 microcode 0x86, cx8, cmov, fxsr, ht, mmx, 3dnowpref, sse, sse2, sse3, ssse3, sse4.1, sse4.2, popcnt, lzcnt, tsc, tscinvbit, avx, avx2, aes, erms, clmul, bmi1, bmi2, adx, avx512f, avx512dq, avx512cd, avx512bw, avx512vl, sha, fma, vzeroupper, avx512_vpopcntdq, avx512_vpclmulqdq, avx512_vaes, avx512_vnni, clflush, clflushopt, clwb, avx512_vbmi2, avx512_vbmi

Memory: 4k page, system-wide physical 20279M (3848M free)
TotalPageFile size 50661M (AvailPageFile size 272M)
current process WorkingSet (physical memory assigned to process): 10M, peak: 10M
current process commit charge ("private bytes"): 60M, peak: 379M

vm_info: Java HotSpot(TM) 64-Bit Server VM (17.0.2+8-LTS-86) for windows-amd64 JRE (17.0.2+8-LTS-86), built on Dec  7 2021 21:51:03 by "mach5one" with MS VC++ 16.8 / 16.9 (VS2019)

END.
